<?xml version="1.0" encoding="utf-8"?><testsuites name="pytest tests"><testsuite name="pytest" errors="0" failures="0" skipped="0" tests="27" time="5.086" timestamp="2026-08-16T14:54:32.691641+00:00" hostname="agent-env-8b5f4c0a-bd53-4128-a85c-e1cc2c5534f6"><testcase classname="tests.backend_test.TestAuth" name="test_login_admin" time="0.473" /><testcase classname="tests.backend_test.TestAuth" name="test_login_demo" time="0.462" /><testcase classname="tests.backend_test.TestBanking" name="test_create_account" time="0.936" /><testcase classname="tests.backend_test.TestAuth" name="test_login_bad" time="0.271" /><testcase classname="tests.backend_test.TestBanking" name="test_deposit_low_risk" time="0.326" /><testcase classname="tests.backend_test.TestAuth" name="test_me_requires_auth" time="0.045" /><testcase classname="tests.backend_test.TestBanking" name="test_deposit_medium_risk" time="0.351" /><testcase classname="tests.backend_test.TestAuth" name="test_me" time="0.345" /><testcase classname="tests.backend_test.TestAuth" name="test_register_creates_account" time="0.317" /><testcase classname="tests.backend_test.TestBanking" name="test_deposit_high_risk" time="0.309" /><testcase classname="tests.backend_test.TestAuth" name="test_register_duplicate" time="0.085" /><testcase classname="tests.backend_test.TestBanking" name="test_withdraw" time="0.128" /><testcase classname="tests.backend_test.TestAdmin" name="test_rbac_forbidden" time="0.449" /><testcase classname="tests.backend_test.TestBanking" name="test_withdraw_insufficient" time="0.129" /><testcase classname="tests.backend_test.TestBanking" name="test_transfer_flow" time="0.895" /><testcase classname="tests.backend_test.TestAdmin" name="test_admin_stats" time="0.324" /><testcase classname="tests.backend_test.TestAdmin" name="test_admin_users" time="0.051" /><testcase classname="tests.backend_test.TestAdmin" name="test_admin_accounts" time="0.072" /><testcase classname="tests.backend_test.TestAdmin" name="test_admin_txn_risk_filter" time="0.053" /><testcase classname="tests.backend_test.TestAdmin" name="test_admin_suspicious" time="0.054" /><testcase classname="tests.backend_test.TestAdmin" name="test_admin_suspend_blocks_login" time="1.191" /><testcase classname="tests.backend_test.TestTransactionsList" name="test_filter_type" time="0.211" /><testcase classname="tests.backend_test.TestTransactionsList" name="test_filter_amount" time="0.057" /><testcase classname="tests.backend_test.TestTransactionsList" name="test_analytics" time="0.257" /><testcase classname="tests.backend_test.TestBeneficiaries" name="test_ben_flow" time="0.941" /><testcase classname="tests.backend_test.TestHealth" name="test_health" time="0.085" /><testcase classname="tests.backend_test.TestProfile" name="test_update_profile" time="0.091" /></testsuite></testsuites>