<?xml version="1.0" encoding="utf-8"?><testsuites name="pytest tests"><testsuite name="pytest" errors="0" failures="0" skipped="0" tests="29" time="4.532" timestamp="2026-08-16T13:24:34.801331+00:00" hostname="agent-env-8b5f4c0a-bd53-4128-a85c-e1cc2c5534f6"><testcase classname="tests.backend_test.TestAuth" name="test_register_new_user_and_autocreate_account" time="0.388" /><testcase classname="tests.backend_test.TestTransactions" name="test_deposit_and_withdraw" time="0.426" /><testcase classname="tests.backend_test.TestAuth" name="test_register_duplicate_email" time="0.053" /><testcase classname="tests.backend_test.TestTransactions" name="test_withdraw_insufficient" time="0.095" /><testcase classname="tests.backend_test.TestAuth" name="test_register_validation" time="0.109" /><testcase classname="tests.backend_test.TestTransactions" name="test_deposit_invalid_amount" time="0.150" /><testcase classname="tests.backend_test.TestAuth" name="test_login_demo" time="0.123" /><testcase classname="tests.backend_test.TestTransactions" name="test_transfer_success_and_creates_two_txns" time="0.298" /><testcase classname="tests.backend_test.TestAuth" name="test_login_admin" time="0.123" /><testcase classname="tests.backend_test.TestAuth" name="test_login_invalid" time="0.124" /><testcase classname="tests.backend_test.TestAuth" name="test_me" time="0.214" /><testcase classname="tests.backend_test.TestTransactions" name="test_transfer_insufficient" time="0.289" /><testcase classname="tests.backend_test.TestAuth" name="test_protected_requires_token" time="0.048" /><testcase classname="tests.backend_test.TestAdmin" name="test_normal_user_blocked" time="0.260" /><testcase classname="tests.backend_test.TestTransactions" name="test_transfer_bad_recipient" time="0.091" /><testcase classname="tests.backend_test.TestTransactions" name="test_large_amount_flagged_medium" time="0.094" /><testcase classname="tests.backend_test.TestTransactions" name="test_large_amount_flagged_high" time="0.168" /><testcase classname="tests.backend_test.TestAdmin" name="test_admin_stats" time="0.187" /><testcase classname="tests.backend_test.TestTransactions" name="test_history_filters" time="0.135" /><testcase classname="tests.backend_test.TestAdmin" name="test_admin_users_suspend_activate" time="2.147" /><testcase classname="tests.backend_test.TestTransactions" name="test_analytics" time="0.051" /><testcase classname="tests.backend_test.TestBeneficiaries" name="test_add_list_delete" time="0.285" /><testcase classname="tests.backend_test.TestBeneficiaries" name="test_add_own_account_rejected" time="0.096" /><testcase classname="tests.backend_test.TestBeneficiaries" name="test_add_nonexistent_account" time="0.045" /><testcase classname="tests.backend_test.TestAccounts" name="test_list_and_create" time="0.135" /><testcase classname="tests.backend_test.TestAccounts" name="test_forbidden_other_user_account" time="0.089" /><testcase classname="tests.backend_test.TestHealth" name="test_health" time="0.041" /><testcase classname="tests.backend_test.TestAdmin" name="test_admin_accounts_and_transactions" time="0.113" /><testcase classname="tests.backend_test.TestAdmin" name="test_admin_suspicious" time="0.058" /></testsuite></testsuites>